# JRE version: OpenJDK Runtime Environment (21.0.1+12) (build 21.0.1+12-29)
# Java VM: OpenJDK 64-Bit Server VM (21.0.1+12-29, mixed mode, sharing, tiered, compressed oops, compressed class ptrs, g1 gc, windows-amd64)
GC Precious Log:
 CardTable entry size: 512
 Card Set container configuration: InlinePtr #cards 5 size 8 Array Of Cards #cards 12 size 40 Howl #buckets 4 coarsen threshold 1843 Howl Bitmap #cards 512 size 80 coarsen threshold 460 Card regions per heap region 1 cards per card region 2048
 CPUs: 12 total, 12 available
 Memory: 6005M
 Large Page Support: Disabled
 NUMA Support: Disabled
 Compressed Oops: Enabled (32-bit)
 Heap Region Size: 1M
 Heap Min Capacity: 8M
 Heap Initial Capacity: 94M
 Heap Max Capacity: 1502M
 Pre-touch: Disabled
 Parallel Workers: 10
 Concurrent Workers: 3
 Concurrent Refinement Workers: 10
 Periodic GC: Disabled
Heap:
 garbage-first heap   total 55296K, used 33929K [0x00000000a2200000, 0x0000000100000000)
  region size 1024K, 20 young (20480K), 3 survivors (3072K)
 Metaspace       used 26203K, committed 26560K, reserved 1114112K
  class space    used 3277K, committed 3456K, reserved 1048576K
GC Heap History (8 events):
Event: 1.959 GC heap before
{Heap before GC invocations=0 (full 0):
 garbage-first heap   total 96256K, used 23552K [0x00000000a2200000, 0x0000000100000000)
  region size 1024K, 23 young (23552K), 0 survivors (0K)
 Metaspace       used 6517K, committed 6720K, reserved 1114112K
  class space    used 751K, committed 832K, reserved 1048576K
}
Event: 1.973 GC heap after
{Heap after GC invocations=1 (full 0):
 garbage-first heap   total 96256K, used 7648K [0x00000000a2200000, 0x0000000100000000)
  region size 1024K, 3 young (3072K), 3 survivors (3072K)
 Metaspace       used 6517K, committed 6720K, reserved 1114112K
  class space    used 751K, committed 832K, reserved 1048576K
}
Event: 3.050 GC heap before
{Heap before GC invocations=1 (full 0):
 garbage-first heap   total 96256K, used 34272K [0x00000000a2200000, 0x0000000100000000)
  region size 1024K, 30 young (30720K), 3 survivors (3072K)
 Metaspace       used 13138K, committed 13504K, reserved 1114112K
  class space    used 1746K, committed 1920K, reserved 1048576K
}
Event: 3.059 GC heap after
{Heap after GC invocations=2 (full 0):
 garbage-first heap   total 96256K, used 10041K [0x00000000a2200000, 0x0000000100000000)
  region size 1024K, 3 young (3072K), 3 survivors (3072K)
 Metaspace       used 13138K, committed 13504K, reserved 1114112K
  class space    used 1746K, committed 1920K, reserved 1048576K
}
Event: 4.390 GC heap before
{Heap before GC invocations=2 (full 0):
 garbage-first heap   total 96256K, used 53049K [0x00000000a2200000, 0x0000000100000000)
  region size 1024K, 47 young (48128K), 3 survivors (3072K)
 Metaspace       used 21209K, committed 21504K, reserved 1114112K
  class space    used 2671K, committed 2816K, reserved 1048576K
}
Event: 4.406 GC heap after
{Heap after GC invocations=3 (full 0):
 garbage-first heap   total 96256K, used 15360K [0x00000000a2200000, 0x0000000100000000)
  region size 1024K, 7 young (7168K), 7 survivors (7168K)
 Metaspace       used 21209K, committed 21504K, reserved 1114112K
  class space    used 2671K, committed 2816K, reserved 1048576K
}
Event: 5.591 GC heap before
{Heap before GC invocations=4 (full 0):
 garbage-first heap   total 55296K, used 40960K [0x00000000a2200000, 0x0000000100000000)
  region size 1024K, 32 young (32768K), 7 survivors (7168K)
 Metaspace       used 24189K, committed 24576K, reserved 1114112K
  class space    used 3038K, committed 3200K, reserved 1048576K
}
Event: 5.614 GC heap after
{Heap after GC invocations=5 (full 0):
 garbage-first heap   total 55296K, used 17545K [0x00000000a2200000, 0x0000000100000000)
  region size 1024K, 3 young (3072K), 3 survivors (3072K)
 Metaspace       used 24189K, committed 24576K, reserved 1114112K
  class space    used 3038K, committed 3200K, reserved 1048576K
}

