# JRE version: OpenJDK Runtime Environment (21.0.1+12) (build 21.0.1+12-29)
# Java VM: OpenJDK 64-Bit Server VM (21.0.1+12-29, mixed mode, sharing, tiered, compressed oops, compressed class ptrs, g1 gc, windows-amd64)
GC Precious Log:
 CardTable entry size: 512
 Card Set container configuration: InlinePtr #cards 5 size 8 Array Of Cards #cards 12 size 40 Howl #buckets 4 coarsen threshold 1843 Howl Bitmap #cards 512 size 80 coarsen threshold 460 Card regions per heap region 1 cards per card region 2048
 CPUs: 12 total, 12 available
 Memory: 6005M
 Large Page Support: Disabled
 NUMA Support: Disabled
 Compressed Oops: Enabled (32-bit)
 Heap Region Size: 1M
 Heap Min Capacity: 8M
 Heap Initial Capacity: 94M
 Heap Max Capacity: 1502M
 Pre-touch: Disabled
 Parallel Workers: 10
 Concurrent Workers: 3
 Concurrent Refinement Workers: 10
 Periodic GC: Disabled
Heap:
 garbage-first heap   total 104448K, used 72040K [0x00000000a2200000, 0x0000000100000000)
  region size 1024K, 29 young (29696K), 3 survivors (3072K)
 Metaspace       used 87761K, committed 88704K, reserved 1179648K
  class space    used 11785K, committed 12224K, reserved 1048576K
GC Heap History (20 events):
Event: 18.234 GC heap before
{Heap before GC invocations=19 (full 0):
 garbage-first heap   total 79872K, used 68637K [0x00000000a2200000, 0x0000000100000000)
  region size 1024K, 33 young (33792K), 5 survivors (5120K)
 Metaspace       used 76319K, committed 77056K, reserved 1179648K
  class space    used 10390K, committed 10688K, reserved 1048576K
}
Event: 18.240 GC heap after
{Heap after GC invocations=20 (full 0):
 garbage-first heap   total 79872K, used 41091K [0x00000000a2200000, 0x0000000100000000)
  region size 1024K, 3 young (3072K), 3 survivors (3072K)
 Metaspace       used 76319K, committed 77056K, reserved 1179648K
  class space    used 10390K, committed 10688K, reserved 1048576K
}
Event: 19.221 GC heap before
{Heap before GC invocations=20 (full 0):
 garbage-first heap   total 79872K, used 70787K [0x00000000a2200000, 0x0000000100000000)
  region size 1024K, 32 young (32768K), 3 survivors (3072K)
 Metaspace       used 79375K, committed 80192K, reserved 1179648K
  class space    used 10801K, committed 11136K, reserved 1048576K
}
Event: 19.230 GC heap after
{Heap after GC invocations=21 (full 0):
 garbage-first heap   total 79872K, used 44838K [0x00000000a2200000, 0x0000000100000000)
  region size 1024K, 4 young (4096K), 4 survivors (4096K)
 Metaspace       used 79375K, committed 80192K, reserved 1179648K
  class space    used 10801K, committed 11136K, reserved 1048576K
}
Event: 135.673 GC heap before
{Heap before GC invocations=22 (full 0):
 garbage-first heap   total 79872K, used 70438K [0x00000000a2200000, 0x0000000100000000)
  region size 1024K, 29 young (29696K), 4 survivors (4096K)
 Metaspace       used 83450K, committed 84224K, reserved 1179648K
  class space    used 11282K, committed 11648K, reserved 1048576K
}
Event: 135.683 GC heap after
{Heap after GC invocations=23 (full 0):
 garbage-first heap   total 79872K, used 46855K [0x00000000a2200000, 0x0000000100000000)
  region size 1024K, 3 young (3072K), 3 survivors (3072K)
 Metaspace       used 83450K, committed 84224K, reserved 1179648K
  class space    used 11282K, committed 11648K, reserved 1048576K
}
Event: 136.637 GC heap before
{Heap before GC invocations=23 (full 0):
 garbage-first heap   total 79872K, used 70407K [0x00000000a2200000, 0x0000000100000000)
  region size 1024K, 26 young (26624K), 3 survivors (3072K)
 Metaspace       used 84858K, committed 85696K, reserved 1179648K
  class space    used 11483K, committed 11840K, reserved 1048576K
}
Event: 136.649 GC heap after
{Heap after GC invocations=24 (full 0):
 garbage-first heap   total 79872K, used 47930K [0x00000000a2200000, 0x0000000100000000)
  region size 1024K, 2 young (2048K), 2 survivors (2048K)
 Metaspace       used 84858K, committed 85696K, reserved 1179648K
  class space    used 11483K, committed 11840K, reserved 1048576K
}
Event: 137.422 GC heap before
{Heap before GC invocations=24 (full 0):
 garbage-first heap   total 79872K, used 71482K [0x00000000a2200000, 0x0000000100000000)
  region size 1024K, 25 young (25600K), 2 survivors (2048K)
 Metaspace       used 85338K, committed 86208K, reserved 1179648K
  class space    used 11494K, committed 11840K, reserved 1048576K
}
Event: 137.427 GC heap after
{Heap after GC invocations=25 (full 0):
 garbage-first heap   total 79872K, used 48141K [0x00000000a2200000, 0x0000000100000000)
  region size 1024K, 2 young (2048K), 2 survivors (2048K)
 Metaspace       used 85338K, committed 86208K, reserved 1179648K
  class space    used 11494K, committed 11840K, reserved 1048576K
}
Event: 138.215 GC heap before
{Heap before GC invocations=26 (full 0):
 garbage-first heap   total 87040K, used 71693K [0x00000000a2200000, 0x0000000100000000)
  region size 1024K, 25 young (25600K), 2 survivors (2048K)
 Metaspace       used 85623K, committed 86528K, reserved 1179648K
  class space    used 11498K, committed 11904K, reserved 1048576K
}
Event: 138.223 GC heap after
{Heap after GC invocations=27 (full 0):
 garbage-first heap   total 87040K, used 48141K [0x00000000a2200000, 0x0000000100000000)
  region size 1024K, 2 young (2048K), 2 survivors (2048K)
 Metaspace       used 85623K, committed 86528K, reserved 1179648K
  class space    used 11498K, committed 11904K, reserved 1048576K
}
Event: 139.446 GC heap before
{Heap before GC invocations=27 (full 0):
 garbage-first heap   total 87040K, used 78861K [0x00000000a2200000, 0x0000000100000000)
  region size 1024K, 32 young (32768K), 2 survivors (2048K)
 Metaspace       used 85800K, committed 86720K, reserved 1179648K
  class space    used 11506K, committed 11904K, reserved 1048576K
}
Event: 139.462 GC heap after
{Heap after GC invocations=28 (full 0):
 garbage-first heap   total 104448K, used 46461K [0x00000000a2200000, 0x0000000100000000)
  region size 1024K, 2 young (2048K), 2 survivors (2048K)
 Metaspace       used 85800K, committed 86720K, reserved 1179648K
  class space    used 11506K, committed 11904K, reserved 1048576K
}
Event: 140.539 GC heap before
{Heap before GC invocations=28 (full 0):
 garbage-first heap   total 104448K, used 95613K [0x00000000a2200000, 0x0000000100000000)
  region size 1024K, 50 young (51200K), 2 survivors (2048K)
 Metaspace       used 85845K, committed 86720K, reserved 1179648K
  class space    used 11506K, committed 11904K, reserved 1048576K
}
Event: 140.547 GC heap after
{Heap after GC invocations=29 (full 0):
 garbage-first heap   total 104448K, used 46537K [0x00000000a2200000, 0x0000000100000000)
  region size 1024K, 2 young (2048K), 2 survivors (2048K)
 Metaspace       used 85845K, committed 86720K, reserved 1179648K
  class space    used 11506K, committed 11904K, reserved 1048576K
}
Event: 141.575 GC heap before
{Heap before GC invocations=30 (full 0):
 garbage-first heap   total 104448K, used 95689K [0x00000000a2200000, 0x0000000100000000)
  region size 1024K, 50 young (51200K), 2 survivors (2048K)
 Metaspace       used 85915K, committed 86784K, reserved 1179648K
  class space    used 11518K, committed 11904K, reserved 1048576K
}
Event: 141.583 GC heap after
{Heap after GC invocations=31 (full 0):
 garbage-first heap   total 104448K, used 47104K [0x00000000a2200000, 0x0000000100000000)
  region size 1024K, 3 young (3072K), 3 survivors (3072K)
 Metaspace       used 85915K, committed 86784K, reserved 1179648K
  class space    used 11518K, committed 11904K, reserved 1048576K
}
Event: 142.576 GC heap before
{Heap before GC invocations=31 (full 0):
 garbage-first heap   total 104448K, used 94208K [0x00000000a2200000, 0x0000000100000000)
  region size 1024K, 49 young (50176K), 3 survivors (3072K)
 Metaspace       used 85938K, committed 86784K, reserved 1179648K
  class space    used 11518K, committed 11904K, reserved 1048576K
}
Event: 142.585 GC heap after
{Heap after GC invocations=32 (full 0):
 garbage-first heap   total 104448K, used 46440K [0x00000000a2200000, 0x0000000100000000)
  region size 1024K, 3 young (3072K), 3 survivors (3072K)
 Metaspace       used 85938K, committed 86784K, reserved 1179648K
  class space    used 11518K, committed 11904K, reserved 1048576K
}

